2022/07/13 01:56:32 [notice] 1#1: using the "epoll" event method
2022/07/13 01:56:32 [notice] 1#1: nginx/1.23.0
2022/07/13 01:56:32 [notice] 1#1: built by gcc 11.2.1 20220219 (Alpine 11.2.1_git20220219) 
2022/07/13 01:56:32 [notice] 1#1: OS: Linux 5.10.104-linuxkit
2022/07/13 01:56:32 [notice] 1#1: getrlimit(RLIMIT_NOFILE): 1048576:1048576
2022/07/13 01:56:32 [notice] 1#1: start worker processes
2022/07/13 01:56:32 [notice] 1#1: start worker process 31
2022/07/13 01:56:32 [notice] 1#1: start worker process 32
2022/07/13 01:56:32 [notice] 1#1: start worker process 33
2022/07/13 01:56:32 [notice] 1#1: start worker process 34
2022/07/13 01:57:57 [notice] 1#1: signal 3 (SIGQUIT) received, shutting down
2022/07/13 01:57:57 [notice] 31#31: gracefully shutting down
2022/07/13 01:57:57 [notice] 31#31: exiting
2022/07/13 01:57:57 [notice] 32#32: gracefully shutting down
2022/07/13 01:57:57 [notice] 33#33: gracefully shutting down
2022/07/13 01:57:57 [notice] 34#34: gracefully shutting down
2022/07/13 01:57:57 [notice] 31#31: exit
2022/07/13 01:57:57 [notice] 33#33: exiting
2022/07/13 01:57:57 [notice] 34#34: exiting
2022/07/13 01:57:57 [notice] 33#33: exit
2022/07/13 01:57:57 [notice] 34#34: exit
2022/07/13 01:57:57 [notice] 1#1: signal 17 (SIGCHLD) received from 33
2022/07/13 01:57:57 [notice] 1#1: worker process 33 exited with code 0
2022/07/13 01:57:57 [notice] 1#1: signal 29 (SIGIO) received
2022/07/13 01:57:57 [notice] 1#1: signal 17 (SIGCHLD) received from 34
2022/07/13 01:57:57 [notice] 1#1: worker process 34 exited with code 0
2022/07/13 01:57:57 [notice] 1#1: signal 29 (SIGIO) received
2022/07/13 01:57:57 [notice] 1#1: signal 17 (SIGCHLD) received from 31
2022/07/13 01:57:57 [notice] 1#1: worker process 31 exited with code 0
2022/07/13 01:57:57 [notice] 1#1: signal 29 (SIGIO) received
2022/07/13 01:58:04 [notice] 32#32: exiting
2022/07/13 01:58:04 [notice] 32#32: exit
2022/07/13 01:58:04 [notice] 1#1: signal 17 (SIGCHLD) received from 32
2022/07/13 01:58:04 [notice] 1#1: worker process 32 exited with code 0
2022/07/13 01:58:04 [notice] 1#1: exit
2022/07/13 01:58:13 [notice] 1#1: using the "epoll" event method
2022/07/13 01:58:13 [notice] 1#1: nginx/1.23.0
2022/07/13 01:58:13 [notice] 1#1: built by gcc 11.2.1 20220219 (Alpine 11.2.1_git20220219) 
2022/07/13 01:58:13 [notice] 1#1: OS: Linux 5.10.104-linuxkit
2022/07/13 01:58:13 [notice] 1#1: getrlimit(RLIMIT_NOFILE): 1048576:1048576
2022/07/13 01:58:13 [notice] 1#1: start worker processes
2022/07/13 01:58:13 [notice] 1#1: start worker process 31
2022/07/13 01:58:13 [notice] 1#1: start worker process 32
2022/07/13 01:58:13 [notice] 1#1: start worker process 33
2022/07/13 01:58:13 [notice] 1#1: start worker process 34
2022/07/13 02:01:39 [notice] 1#1: signal 3 (SIGQUIT) received, shutting down
2022/07/13 02:01:39 [notice] 31#31: gracefully shutting down
2022/07/13 02:01:39 [notice] 32#32: gracefully shutting down
2022/07/13 02:01:39 [notice] 34#34: gracefully shutting down
2022/07/13 02:01:39 [notice] 33#33: gracefully shutting down
2022/07/13 02:01:39 [notice] 31#31: exiting
2022/07/13 02:01:39 [notice] 32#32: exiting
2022/07/13 02:01:39 [notice] 34#34: exiting
2022/07/13 02:01:39 [notice] 33#33: exiting
2022/07/13 02:01:39 [notice] 31#31: exit
2022/07/13 02:01:39 [notice] 32#32: exit
2022/07/13 02:01:39 [notice] 34#34: exit
2022/07/13 02:01:39 [notice] 33#33: exit
2022/07/13 02:01:39 [notice] 1#1: signal 17 (SIGCHLD) received from 31
2022/07/13 02:01:39 [notice] 1#1: worker process 31 exited with code 0
2022/07/13 02:01:39 [notice] 1#1: signal 29 (SIGIO) received
2022/07/13 02:01:39 [notice] 1#1: signal 17 (SIGCHLD) received from 32
2022/07/13 02:01:39 [notice] 1#1: worker process 32 exited with code 0
2022/07/13 02:01:39 [notice] 1#1: signal 29 (SIGIO) received
2022/07/13 02:01:39 [notice] 1#1: signal 17 (SIGCHLD) received from 34
2022/07/13 02:01:39 [notice] 1#1: worker process 33 exited with code 0
2022/07/13 02:01:39 [notice] 1#1: worker process 34 exited with code 0
2022/07/13 02:01:39 [notice] 1#1: exit
2022/07/13 02:03:19 [emerg] 1#1: host not found in upstream "cherry-front:80" in /etc/nginx/conf.d/default.conf:2
2022/07/13 02:03:20 [notice] 1#1: using the "epoll" event method
2022/07/13 02:03:20 [notice] 1#1: nginx/1.23.0
2022/07/13 02:03:20 [notice] 1#1: built by gcc 11.2.1 20220219 (Alpine 11.2.1_git20220219) 
2022/07/13 02:03:20 [notice] 1#1: OS: Linux 5.10.104-linuxkit
2022/07/13 02:03:20 [notice] 1#1: getrlimit(RLIMIT_NOFILE): 1048576:1048576
2022/07/13 02:03:20 [notice] 1#1: start worker processes
2022/07/13 02:03:20 [notice] 1#1: start worker process 31
2022/07/13 02:03:20 [notice] 1#1: start worker process 32
2022/07/13 02:03:20 [notice] 1#1: start worker process 33
2022/07/13 02:03:20 [notice] 1#1: start worker process 34
2022/07/13 02:11:40 [notice] 1#1: signal 3 (SIGQUIT) received, shutting down
2022/07/13 02:11:40 [notice] 32#32: gracefully shutting down
2022/07/13 02:11:40 [notice] 33#33: gracefully shutting down
2022/07/13 02:11:40 [notice] 31#31: gracefully shutting down
2022/07/13 02:11:40 [notice] 34#34: gracefully shutting down
2022/07/13 02:11:40 [notice] 32#32: exiting
2022/07/13 02:11:40 [notice] 32#32: exit
2022/07/13 02:11:40 [notice] 33#33: exiting
2022/07/13 02:11:40 [notice] 31#31: exiting
2022/07/13 02:11:40 [notice] 34#34: exiting
2022/07/13 02:11:40 [notice] 33#33: exit
2022/07/13 02:11:40 [notice] 31#31: exit
2022/07/13 02:11:40 [notice] 34#34: exit
2022/07/13 02:11:40 [notice] 1#1: signal 17 (SIGCHLD) received from 33
2022/07/13 02:11:40 [notice] 1#1: worker process 33 exited with code 0
2022/07/13 02:11:40 [notice] 1#1: signal 29 (SIGIO) received
2022/07/13 02:11:40 [notice] 1#1: signal 17 (SIGCHLD) received from 32
2022/07/13 02:11:40 [notice] 1#1: worker process 32 exited with code 0
2022/07/13 02:11:40 [notice] 1#1: signal 29 (SIGIO) received
2022/07/13 02:11:40 [notice] 1#1: signal 17 (SIGCHLD) received from 31
2022/07/13 02:11:40 [notice] 1#1: worker process 31 exited with code 0
2022/07/13 02:11:40 [notice] 1#1: worker process 34 exited with code 0
2022/07/13 02:11:40 [notice] 1#1: exit
2022/07/13 02:12:38 [notice] 1#1: using the "epoll" event method
2022/07/13 02:12:38 [notice] 1#1: nginx/1.23.0
2022/07/13 02:12:38 [notice] 1#1: built by gcc 11.2.1 20220219 (Alpine 11.2.1_git20220219) 
2022/07/13 02:12:38 [notice] 1#1: OS: Linux 5.10.104-linuxkit
2022/07/13 02:12:38 [notice] 1#1: getrlimit(RLIMIT_NOFILE): 1048576:1048576
2022/07/13 02:12:38 [notice] 1#1: start worker processes
2022/07/13 02:12:38 [notice] 1#1: start worker process 31
2022/07/13 02:12:38 [notice] 1#1: start worker process 32
2022/07/13 02:12:38 [notice] 1#1: start worker process 33
2022/07/13 02:12:38 [notice] 1#1: start worker process 34
2022/07/13 02:15:12 [notice] 1#1: signal 3 (SIGQUIT) received, shutting down
2022/07/13 02:15:12 [notice] 31#31: gracefully shutting down
2022/07/13 02:15:12 [notice] 32#32: gracefully shutting down
2022/07/13 02:15:12 [notice] 34#34: gracefully shutting down
2022/07/13 02:15:12 [notice] 33#33: gracefully shutting down
2022/07/13 02:15:12 [notice] 32#32: exiting
2022/07/13 02:15:12 [notice] 34#34: exiting
2022/07/13 02:15:12 [notice] 34#34: exit
2022/07/13 02:15:12 [notice] 33#33: exiting
2022/07/13 02:15:12 [notice] 32#32: exit
2022/07/13 02:15:12 [notice] 33#33: exit
2022/07/13 02:15:12 [notice] 1#1: signal 17 (SIGCHLD) received from 33
2022/07/13 02:15:12 [notice] 1#1: worker process 33 exited with code 0
2022/07/13 02:15:12 [notice] 1#1: signal 29 (SIGIO) received
2022/07/13 02:15:12 [notice] 1#1: signal 17 (SIGCHLD) received from 34
2022/07/13 02:15:12 [notice] 1#1: worker process 34 exited with code 0
2022/07/13 02:15:12 [notice] 1#1: signal 29 (SIGIO) received
2022/07/13 02:15:12 [notice] 1#1: signal 17 (SIGCHLD) received from 32
2022/07/13 02:15:12 [notice] 1#1: worker process 32 exited with code 0
2022/07/13 02:15:12 [notice] 1#1: signal 29 (SIGIO) received
2022/07/13 02:15:44 [emerg] 1#1: host not found in upstream "cherry-front:80" in /etc/nginx/conf.d/default.conf:2
2022/07/13 02:15:45 [notice] 1#1: using the "epoll" event method
2022/07/13 02:15:45 [notice] 1#1: nginx/1.23.0
2022/07/13 02:15:45 [notice] 1#1: built by gcc 11.2.1 20220219 (Alpine 11.2.1_git20220219) 
2022/07/13 02:15:45 [notice] 1#1: OS: Linux 5.10.104-linuxkit
2022/07/13 02:15:45 [notice] 1#1: getrlimit(RLIMIT_NOFILE): 1048576:1048576
2022/07/13 02:15:45 [notice] 1#1: start worker processes
2022/07/13 02:15:45 [notice] 1#1: start worker process 31
2022/07/13 02:15:45 [notice] 1#1: start worker process 32
2022/07/13 02:15:45 [notice] 1#1: start worker process 33
2022/07/13 02:15:45 [notice] 1#1: start worker process 34
2022/07/13 02:19:50 [notice] 1#1: signal 3 (SIGQUIT) received, shutting down
2022/07/13 02:19:50 [notice] 31#31: gracefully shutting down
2022/07/13 02:19:50 [notice] 32#32: gracefully shutting down
2022/07/13 02:19:50 [notice] 33#33: gracefully shutting down
2022/07/13 02:19:50 [notice] 34#34: gracefully shutting down
2022/07/13 02:19:50 [notice] 34#34: exiting
2022/07/13 02:19:50 [notice] 31#31: exiting
2022/07/13 02:19:50 [notice] 32#32: exiting
2022/07/13 02:19:50 [notice] 33#33: exiting
2022/07/13 02:19:50 [notice] 33#33: exit
2022/07/13 02:19:50 [notice] 34#34: exit
2022/07/13 02:19:50 [notice] 31#31: exit
2022/07/13 02:19:50 [notice] 32#32: exit
2022/07/13 02:19:50 [notice] 1#1: signal 17 (SIGCHLD) received from 33
2022/07/13 02:19:50 [notice] 1#1: worker process 33 exited with code 0
2022/07/13 02:19:50 [notice] 1#1: signal 29 (SIGIO) received
2022/07/13 02:19:50 [notice] 1#1: signal 17 (SIGCHLD) received from 34
2022/07/13 02:19:50 [notice] 1#1: worker process 34 exited with code 0
2022/07/13 02:19:50 [notice] 1#1: signal 29 (SIGIO) received
2022/07/13 02:19:50 [notice] 1#1: signal 17 (SIGCHLD) received from 31
2022/07/13 02:19:50 [notice] 1#1: worker process 31 exited with code 0
2022/07/13 02:19:50 [notice] 1#1: signal 29 (SIGIO) received
2022/07/13 02:19:50 [notice] 1#1: signal 17 (SIGCHLD) received from 32
2022/07/13 02:19:50 [notice] 1#1: worker process 32 exited with code 0
2022/07/13 02:19:50 [notice] 1#1: exit
2022/07/13 02:20:01 [emerg] 1#1: host not found in upstream "cherry-front:80" in /etc/nginx/conf.d/default.conf:2
2022/07/13 02:20:01 [notice] 1#1: using the "epoll" event method
2022/07/13 02:20:01 [notice] 1#1: nginx/1.23.0
2022/07/13 02:20:01 [notice] 1#1: built by gcc 11.2.1 20220219 (Alpine 11.2.1_git20220219) 
2022/07/13 02:20:01 [notice] 1#1: OS: Linux 5.10.104-linuxkit
2022/07/13 02:20:01 [notice] 1#1: getrlimit(RLIMIT_NOFILE): 1048576:1048576
2022/07/13 02:20:01 [notice] 1#1: start worker processes
2022/07/13 02:20:01 [notice] 1#1: start worker process 32
2022/07/13 02:20:01 [notice] 1#1: start worker process 33
2022/07/13 02:20:01 [notice] 1#1: start worker process 34
2022/07/13 02:20:01 [notice] 1#1: start worker process 35
2022/07/13 02:23:40 [notice] 1#1: signal 3 (SIGQUIT) received, shutting down
2022/07/13 02:23:40 [notice] 32#32: gracefully shutting down
2022/07/13 02:23:40 [notice] 34#34: gracefully shutting down
2022/07/13 02:23:40 [notice] 35#35: gracefully shutting down
2022/07/13 02:23:40 [notice] 33#33: gracefully shutting down
2022/07/13 02:23:40 [notice] 32#32: exiting
2022/07/13 02:23:40 [notice] 34#34: exiting
2022/07/13 02:23:40 [notice] 35#35: exiting
2022/07/13 02:23:40 [notice] 35#35: exit
2022/07/13 02:23:40 [notice] 33#33: exiting
2022/07/13 02:23:40 [notice] 32#32: exit
2022/07/13 02:23:40 [notice] 34#34: exit
2022/07/13 02:23:40 [notice] 33#33: exit
2022/07/13 02:23:40 [notice] 1#1: signal 17 (SIGCHLD) received from 35
2022/07/13 02:23:40 [notice] 1#1: worker process 35 exited with code 0
2022/07/13 02:23:40 [notice] 1#1: signal 29 (SIGIO) received
2022/07/13 02:23:40 [notice] 1#1: signal 17 (SIGCHLD) received from 33
2022/07/13 02:23:40 [notice] 1#1: worker process 32 exited with code 0
2022/07/13 02:23:40 [notice] 1#1: worker process 33 exited with code 0
2022/07/13 02:23:40 [notice] 1#1: worker process 34 exited with code 0
2022/07/13 02:23:40 [notice] 1#1: exit
2022/07/13 02:24:02 [notice] 1#1: using the "epoll" event method
2022/07/13 02:24:02 [notice] 1#1: nginx/1.23.0
2022/07/13 02:24:02 [notice] 1#1: built by gcc 11.2.1 20220219 (Alpine 11.2.1_git20220219) 
2022/07/13 02:24:02 [notice] 1#1: OS: Linux 5.10.104-linuxkit
2022/07/13 02:24:02 [notice] 1#1: getrlimit(RLIMIT_NOFILE): 1048576:1048576
2022/07/13 02:24:02 [notice] 1#1: start worker processes
2022/07/13 02:24:02 [notice] 1#1: start worker process 31
2022/07/13 02:24:02 [notice] 1#1: start worker process 32
2022/07/13 02:24:02 [notice] 1#1: start worker process 33
2022/07/13 02:24:02 [notice] 1#1: start worker process 34
2022/07/13 02:25:10 [notice] 1#1: signal 3 (SIGQUIT) received, shutting down
2022/07/13 02:25:10 [notice] 31#31: gracefully shutting down
2022/07/13 02:25:10 [notice] 33#33: gracefully shutting down
2022/07/13 02:25:10 [notice] 33#33: exiting
2022/07/13 02:25:10 [notice] 34#34: gracefully shutting down
2022/07/13 02:25:10 [notice] 32#32: gracefully shutting down
2022/07/13 02:25:10 [notice] 31#31: exiting
2022/07/13 02:25:10 [notice] 33#33: exit
2022/07/13 02:25:10 [notice] 34#34: exiting
2022/07/13 02:25:10 [notice] 34#34: exit
2022/07/13 02:25:10 [notice] 31#31: exit
2022/07/13 02:25:10 [notice] 1#1: signal 17 (SIGCHLD) received from 33
2022/07/13 02:25:10 [notice] 1#1: worker process 33 exited with code 0
2022/07/13 02:25:10 [notice] 1#1: signal 29 (SIGIO) received
2022/07/13 02:25:10 [notice] 1#1: signal 17 (SIGCHLD) received from 34
2022/07/13 02:25:10 [notice] 1#1: worker process 34 exited with code 0
2022/07/13 02:25:10 [notice] 1#1: signal 29 (SIGIO) received
2022/07/13 02:25:10 [notice] 1#1: signal 17 (SIGCHLD) received from 31
2022/07/13 02:25:10 [notice] 1#1: worker process 31 exited with code 0
2022/07/13 02:25:10 [notice] 1#1: signal 29 (SIGIO) received
2022/07/13 02:25:11 [notice] 32#32: exiting
2022/07/13 02:25:11 [notice] 32#32: exit
2022/07/13 02:25:11 [notice] 1#1: signal 17 (SIGCHLD) received from 32
2022/07/13 02:25:11 [notice] 1#1: worker process 32 exited with code 0
2022/07/13 02:25:11 [notice] 1#1: exit
2022/07/13 02:25:19 [emerg] 1#1: host not found in upstream "cherry-front:80" in /etc/nginx/conf.d/default.conf:2
2022/07/13 02:25:19 [notice] 1#1: using the "epoll" event method
2022/07/13 02:25:19 [notice] 1#1: nginx/1.23.0
2022/07/13 02:25:19 [notice] 1#1: built by gcc 11.2.1 20220219 (Alpine 11.2.1_git20220219) 
2022/07/13 02:25:19 [notice] 1#1: OS: Linux 5.10.104-linuxkit
2022/07/13 02:25:19 [notice] 1#1: getrlimit(RLIMIT_NOFILE): 1048576:1048576
2022/07/13 02:25:19 [notice] 1#1: start worker processes
2022/07/13 02:25:19 [notice] 1#1: start worker process 31
2022/07/13 02:25:19 [notice] 1#1: start worker process 32
2022/07/13 02:25:19 [notice] 1#1: start worker process 33
2022/07/13 02:25:19 [notice] 1#1: start worker process 34
2022/07/13 02:34:19 [notice] 1#1: signal 3 (SIGQUIT) received, shutting down
2022/07/13 02:34:19 [notice] 31#31: gracefully shutting down
2022/07/13 02:34:19 [notice] 33#33: gracefully shutting down
2022/07/13 02:34:19 [notice] 34#34: gracefully shutting down
2022/07/13 02:34:19 [notice] 32#32: gracefully shutting down
2022/07/13 02:34:19 [notice] 32#32: exiting
2022/07/13 02:34:19 [notice] 31#31: exiting
2022/07/13 02:34:19 [notice] 33#33: exiting
2022/07/13 02:34:19 [notice] 34#34: exiting
2022/07/13 02:34:19 [notice] 34#34: exit
2022/07/13 02:34:19 [notice] 32#32: exit
2022/07/13 02:34:19 [notice] 31#31: exit
2022/07/13 02:34:19 [notice] 33#33: exit
2022/07/13 02:34:19 [notice] 1#1: signal 17 (SIGCHLD) received from 31
2022/07/13 02:34:19 [notice] 1#1: worker process 31 exited with code 0
2022/07/13 02:34:19 [notice] 1#1: signal 29 (SIGIO) received
2022/07/13 02:34:19 [notice] 1#1: signal 17 (SIGCHLD) received from 32
2022/07/13 02:34:19 [notice] 1#1: worker process 32 exited with code 0
2022/07/13 02:34:19 [notice] 1#1: signal 29 (SIGIO) received
2022/07/13 02:34:19 [notice] 1#1: signal 17 (SIGCHLD) received from 34
2022/07/13 02:34:19 [notice] 1#1: worker process 34 exited with code 0
2022/07/13 02:34:19 [notice] 1#1: signal 29 (SIGIO) received
2022/07/13 02:34:19 [notice] 1#1: signal 17 (SIGCHLD) received from 33
2022/07/13 02:34:19 [notice] 1#1: worker process 33 exited with code 0
2022/07/13 02:34:19 [notice] 1#1: exit
2022/07/13 02:34:38 [notice] 1#1: using the "epoll" event method
2022/07/13 02:34:38 [notice] 1#1: nginx/1.23.0
2022/07/13 02:34:38 [notice] 1#1: built by gcc 11.2.1 20220219 (Alpine 11.2.1_git20220219) 
2022/07/13 02:34:38 [notice] 1#1: OS: Linux 5.10.104-linuxkit
2022/07/13 02:34:38 [notice] 1#1: getrlimit(RLIMIT_NOFILE): 1048576:1048576
2022/07/13 02:34:38 [notice] 1#1: start worker processes
2022/07/13 02:34:38 [notice] 1#1: start worker process 30
2022/07/13 02:34:38 [notice] 1#1: start worker process 31
2022/07/13 02:34:38 [notice] 1#1: start worker process 32
2022/07/13 02:34:38 [notice] 1#1: start worker process 33
2022/07/13 02:36:05 [notice] 1#1: signal 3 (SIGQUIT) received, shutting down
2022/07/13 02:36:05 [notice] 30#30: gracefully shutting down
2022/07/13 02:36:05 [notice] 33#33: gracefully shutting down
2022/07/13 02:36:05 [notice] 31#31: gracefully shutting down
2022/07/13 02:36:05 [notice] 32#32: gracefully shutting down
2022/07/13 02:36:05 [notice] 30#30: exiting
2022/07/13 02:36:05 [notice] 33#33: exiting
2022/07/13 02:36:05 [notice] 33#33: exit
2022/07/13 02:36:05 [notice] 32#32: exiting
2022/07/13 02:36:05 [notice] 30#30: exit
2022/07/13 02:36:05 [notice] 32#32: exit
2022/07/13 02:36:05 [notice] 1#1: signal 17 (SIGCHLD) received from 30
2022/07/13 02:36:05 [notice] 1#1: worker process 30 exited with code 0
2022/07/13 02:36:05 [notice] 1#1: worker process 33 exited with code 0
2022/07/13 02:36:05 [notice] 1#1: signal 29 (SIGIO) received
2022/07/13 02:36:05 [notice] 1#1: signal 17 (SIGCHLD) received from 32
2022/07/13 02:36:05 [notice] 1#1: worker process 32 exited with code 0
2022/07/13 02:36:05 [notice] 1#1: signal 29 (SIGIO) received
2022/07/13 02:36:36 [emerg] 1#1: host not found in upstream "cherry-front:80" in /etc/nginx/conf.d/default.conf:2
2022/07/13 02:36:36 [notice] 1#1: using the "epoll" event method
2022/07/13 02:36:36 [notice] 1#1: nginx/1.23.0
2022/07/13 02:36:36 [notice] 1#1: built by gcc 11.2.1 20220219 (Alpine 11.2.1_git20220219) 
2022/07/13 02:36:36 [notice] 1#1: OS: Linux 5.10.104-linuxkit
2022/07/13 02:36:36 [notice] 1#1: getrlimit(RLIMIT_NOFILE): 1048576:1048576
2022/07/13 02:36:36 [notice] 1#1: start worker processes
2022/07/13 02:36:36 [notice] 1#1: start worker process 31
2022/07/13 02:36:36 [notice] 1#1: start worker process 32
2022/07/13 02:36:36 [notice] 1#1: start worker process 33
2022/07/13 02:36:36 [notice] 1#1: start worker process 34
2022/07/13 03:11:40 [notice] 1#1: signal 3 (SIGQUIT) received, shutting down
2022/07/13 03:11:40 [notice] 31#31: gracefully shutting down
2022/07/13 03:11:40 [notice] 33#33: gracefully shutting down
2022/07/13 03:11:40 [notice] 32#32: gracefully shutting down
2022/07/13 03:11:40 [notice] 34#34: gracefully shutting down
2022/07/13 03:11:40 [notice] 31#31: exiting
2022/07/13 03:11:40 [notice] 33#33: exiting
2022/07/13 03:11:40 [notice] 32#32: exiting
2022/07/13 03:11:40 [notice] 34#34: exiting
2022/07/13 03:11:40 [notice] 34#34: exit
2022/07/13 03:11:40 [notice] 31#31: exit
2022/07/13 03:11:40 [notice] 33#33: exit
2022/07/13 03:11:40 [notice] 32#32: exit
2022/07/13 03:11:40 [notice] 1#1: signal 17 (SIGCHLD) received from 34
2022/07/13 03:11:40 [notice] 1#1: worker process 34 exited with code 0
2022/07/13 03:11:40 [notice] 1#1: signal 29 (SIGIO) received
2022/07/13 03:11:40 [notice] 1#1: signal 17 (SIGCHLD) received from 31
2022/07/13 03:11:40 [notice] 1#1: worker process 31 exited with code 0
2022/07/13 03:11:40 [notice] 1#1: signal 29 (SIGIO) received
2022/07/13 03:11:40 [notice] 1#1: signal 17 (SIGCHLD) received from 32
2022/07/13 03:11:40 [notice] 1#1: worker process 32 exited with code 0
2022/07/13 03:11:40 [notice] 1#1: worker process 33 exited with code 0
2022/07/13 03:11:40 [notice] 1#1: exit
2022/07/13 03:12:18 [emerg] 1#1: host not found in upstream "cherry-front:80" in /etc/nginx/conf.d/default.conf:2
2022/07/13 03:12:18 [notice] 1#1: using the "epoll" event method
2022/07/13 03:12:18 [notice] 1#1: nginx/1.23.0
2022/07/13 03:12:18 [notice] 1#1: built by gcc 11.2.1 20220219 (Alpine 11.2.1_git20220219) 
2022/07/13 03:12:18 [notice] 1#1: OS: Linux 5.10.104-linuxkit
2022/07/13 03:12:18 [notice] 1#1: getrlimit(RLIMIT_NOFILE): 1048576:1048576
2022/07/13 03:12:18 [notice] 1#1: start worker processes
2022/07/13 03:12:18 [notice] 1#1: start worker process 31
2022/07/13 03:12:18 [notice] 1#1: start worker process 32
2022/07/13 03:12:18 [notice] 1#1: start worker process 33
2022/07/13 03:12:18 [notice] 1#1: start worker process 34
2022/07/13 05:16:13 [notice] 1#1: signal 3 (SIGQUIT) received, shutting down
2022/07/13 05:16:13 [notice] 31#31: gracefully shutting down
2022/07/13 05:16:13 [notice] 32#32: gracefully shutting down
2022/07/13 05:16:13 [notice] 34#34: gracefully shutting down
2022/07/13 05:16:13 [notice] 33#33: gracefully shutting down
2022/07/13 05:16:13 [notice] 33#33: exiting
2022/07/13 05:16:13 [notice] 31#31: exiting
2022/07/13 05:16:13 [notice] 32#32: exiting
2022/07/13 05:16:13 [notice] 34#34: exiting
2022/07/13 05:16:13 [notice] 33#33: exit
2022/07/13 05:16:13 [notice] 31#31: exit
2022/07/13 05:16:13 [notice] 32#32: exit
2022/07/13 05:16:13 [notice] 34#34: exit
2022/07/13 05:16:13 [notice] 1#1: signal 17 (SIGCHLD) received from 33
2022/07/13 05:16:13 [notice] 1#1: worker process 33 exited with code 0
2022/07/13 05:16:13 [notice] 1#1: signal 29 (SIGIO) received
2022/07/13 05:16:13 [notice] 1#1: signal 17 (SIGCHLD) received from 31
2022/07/13 05:16:13 [notice] 1#1: worker process 31 exited with code 0
2022/07/13 05:16:13 [notice] 1#1: signal 29 (SIGIO) received
2022/07/13 05:16:13 [notice] 1#1: signal 17 (SIGCHLD) received from 32
2022/07/13 05:16:13 [notice] 1#1: worker process 32 exited with code 0
2022/07/13 05:16:13 [notice] 1#1: signal 29 (SIGIO) received
2022/07/13 05:16:13 [notice] 1#1: signal 17 (SIGCHLD) received from 34
2022/07/13 05:16:13 [notice] 1#1: worker process 34 exited with code 0
2022/07/13 05:16:13 [notice] 1#1: exit
2022/07/13 05:16:48 [notice] 1#1: using the "epoll" event method
2022/07/13 05:16:48 [notice] 1#1: nginx/1.23.0
2022/07/13 05:16:48 [notice] 1#1: built by gcc 11.2.1 20220219 (Alpine 11.2.1_git20220219) 
2022/07/13 05:16:48 [notice] 1#1: OS: Linux 5.10.104-linuxkit
2022/07/13 05:16:48 [notice] 1#1: getrlimit(RLIMIT_NOFILE): 1048576:1048576
2022/07/13 05:16:48 [notice] 1#1: start worker processes
2022/07/13 05:16:48 [notice] 1#1: start worker process 31
2022/07/13 05:16:48 [notice] 1#1: start worker process 32
2022/07/13 05:16:48 [notice] 1#1: start worker process 33
2022/07/13 05:16:48 [notice] 1#1: start worker process 34
2022/07/13 05:17:04 [notice] 1#1: signal 3 (SIGQUIT) received, shutting down
2022/07/13 05:17:04 [notice] 31#31: gracefully shutting down
2022/07/13 05:17:04 [notice] 31#31: exiting
2022/07/13 05:17:04 [notice] 34#34: gracefully shutting down
2022/07/13 05:17:04 [notice] 32#32: gracefully shutting down
2022/07/13 05:17:04 [notice] 32#32: exiting
2022/07/13 05:17:04 [notice] 33#33: gracefully shutting down
2022/07/13 05:17:04 [notice] 31#31: exit
2022/07/13 05:17:04 [notice] 34#34: exiting
2022/07/13 05:17:04 [notice] 34#34: exit
2022/07/13 05:17:04 [notice] 32#32: exit
2022/07/13 05:17:04 [notice] 33#33: exiting
2022/07/13 05:17:04 [notice] 33#33: exit
2022/07/13 05:17:04 [notice] 1#1: signal 17 (SIGCHLD) received from 31
2022/07/13 05:17:04 [notice] 1#1: worker process 31 exited with code 0
2022/07/13 05:17:04 [notice] 1#1: signal 29 (SIGIO) received
2022/07/13 05:17:04 [notice] 1#1: signal 17 (SIGCHLD) received from 32
2022/07/13 05:17:04 [notice] 1#1: worker process 32 exited with code 0
2022/07/13 05:17:04 [notice] 1#1: signal 29 (SIGIO) received
2022/07/13 05:17:04 [notice] 1#1: signal 17 (SIGCHLD) received from 34
2022/07/13 05:17:04 [notice] 1#1: worker process 33 exited with code 0
2022/07/13 05:17:04 [notice] 1#1: worker process 34 exited with code 0
2022/07/13 05:17:04 [notice] 1#1: exit
2022/07/13 05:30:13 [notice] 1#1: using the "epoll" event method
2022/07/13 05:30:13 [notice] 1#1: nginx/1.23.0
2022/07/13 05:30:13 [notice] 1#1: built by gcc 11.2.1 20220219 (Alpine 11.2.1_git20220219) 
2022/07/13 05:30:13 [notice] 1#1: OS: Linux 5.10.104-linuxkit
2022/07/13 05:30:13 [notice] 1#1: getrlimit(RLIMIT_NOFILE): 1048576:1048576
2022/07/13 05:30:13 [notice] 1#1: start worker processes
2022/07/13 05:30:13 [notice] 1#1: start worker process 31
2022/07/13 05:30:13 [notice] 1#1: start worker process 32
2022/07/13 05:30:13 [notice] 1#1: start worker process 33
2022/07/13 05:30:13 [notice] 1#1: start worker process 34
2022/07/13 05:32:38 [notice] 1#1: signal 3 (SIGQUIT) received, shutting down
2022/07/13 05:32:38 [notice] 32#32: gracefully shutting down
2022/07/13 05:32:38 [notice] 32#32: exiting
2022/07/13 05:32:38 [notice] 33#33: gracefully shutting down
2022/07/13 05:32:38 [notice] 33#33: exiting
2022/07/13 05:32:38 [notice] 34#34: gracefully shutting down
2022/07/13 05:32:38 [notice] 34#34: exiting
2022/07/13 05:32:38 [notice] 31#31: gracefully shutting down
2022/07/13 05:32:38 [notice] 32#32: exit
2022/07/13 05:32:38 [notice] 33#33: exit
2022/07/13 05:32:38 [notice] 34#34: exit
2022/07/13 05:32:38 [notice] 31#31: exiting
2022/07/13 05:32:38 [notice] 31#31: exit
2022/07/13 05:32:38 [notice] 1#1: signal 17 (SIGCHLD) received from 32
2022/07/13 05:32:38 [notice] 1#1: worker process 32 exited with code 0
2022/07/13 05:32:38 [notice] 1#1: signal 29 (SIGIO) received
2022/07/13 05:32:38 [notice] 1#1: signal 17 (SIGCHLD) received from 33
2022/07/13 05:32:38 [notice] 1#1: worker process 33 exited with code 0
2022/07/13 05:32:38 [notice] 1#1: worker process 34 exited with code 0
2022/07/13 05:32:38 [notice] 1#1: signal 29 (SIGIO) received
2022/07/13 05:32:38 [notice] 1#1: signal 17 (SIGCHLD) received from 34
2022/07/13 05:32:38 [notice] 1#1: signal 17 (SIGCHLD) received from 31
2022/07/13 05:32:38 [notice] 1#1: worker process 31 exited with code 0
2022/07/13 05:32:38 [notice] 1#1: exit
2022/07/13 05:32:38 [notice] 1#1: using the "epoll" event method
2022/07/13 05:32:38 [notice] 1#1: nginx/1.23.0
2022/07/13 05:32:38 [notice] 1#1: built by gcc 11.2.1 20220219 (Alpine 11.2.1_git20220219) 
2022/07/13 05:32:38 [notice] 1#1: OS: Linux 5.10.104-linuxkit
2022/07/13 05:32:38 [notice] 1#1: getrlimit(RLIMIT_NOFILE): 1048576:1048576
2022/07/13 05:32:38 [notice] 1#1: start worker processes
2022/07/13 05:32:38 [notice] 1#1: start worker process 31
2022/07/13 05:32:38 [notice] 1#1: start worker process 32
2022/07/13 05:32:38 [notice] 1#1: start worker process 33
2022/07/13 05:32:38 [notice] 1#1: start worker process 34
2022/07/13 05:35:17 [notice] 1#1: signal 3 (SIGQUIT) received, shutting down
2022/07/13 05:35:17 [notice] 32#32: gracefully shutting down
2022/07/13 05:35:17 [notice] 32#32: exiting
2022/07/13 05:35:17 [notice] 33#33: gracefully shutting down
2022/07/13 05:35:17 [notice] 34#34: gracefully shutting down
2022/07/13 05:35:17 [notice] 31#31: gracefully shutting down
2022/07/13 05:35:17 [notice] 32#32: exit
2022/07/13 05:35:17 [notice] 33#33: exiting
2022/07/13 05:35:17 [notice] 33#33: exit
2022/07/13 05:35:17 [notice] 34#34: exiting
2022/07/13 05:35:17 [notice] 31#31: exiting
2022/07/13 05:35:17 [notice] 31#31: exit
2022/07/13 05:35:17 [notice] 34#34: exit
2022/07/13 05:35:17 [notice] 1#1: signal 17 (SIGCHLD) received from 32
2022/07/13 05:35:17 [notice] 1#1: worker process 32 exited with code 0
2022/07/13 05:35:17 [notice] 1#1: signal 29 (SIGIO) received
2022/07/13 05:35:17 [notice] 1#1: signal 17 (SIGCHLD) received from 31
2022/07/13 05:35:17 [notice] 1#1: worker process 31 exited with code 0
2022/07/13 05:35:17 [notice] 1#1: worker process 33 exited with code 0
2022/07/13 05:35:17 [notice] 1#1: worker process 34 exited with code 0
2022/07/13 05:35:17 [notice] 1#1: exit
2022/07/13 05:35:18 [notice] 1#1: using the "epoll" event method
2022/07/13 05:35:18 [notice] 1#1: nginx/1.23.0
2022/07/13 05:35:18 [notice] 1#1: built by gcc 11.2.1 20220219 (Alpine 11.2.1_git20220219) 
2022/07/13 05:35:18 [notice] 1#1: OS: Linux 5.10.104-linuxkit
2022/07/13 05:35:18 [notice] 1#1: getrlimit(RLIMIT_NOFILE): 1048576:1048576
2022/07/13 05:35:18 [notice] 1#1: start worker processes
2022/07/13 05:35:18 [notice] 1#1: start worker process 30
2022/07/13 05:35:18 [notice] 1#1: start worker process 31
2022/07/13 05:35:18 [notice] 1#1: start worker process 32
2022/07/13 05:35:18 [notice] 1#1: start worker process 33
2022/07/13 05:50:56 [notice] 1#1: signal 3 (SIGQUIT) received, shutting down
2022/07/13 05:50:56 [notice] 30#30: gracefully shutting down
2022/07/13 05:50:56 [notice] 33#33: gracefully shutting down
2022/07/13 05:50:56 [notice] 32#32: gracefully shutting down
2022/07/13 05:50:56 [notice] 31#31: gracefully shutting down
2022/07/13 05:50:56 [notice] 30#30: exiting
2022/07/13 05:50:56 [notice] 33#33: exiting
2022/07/13 05:50:56 [notice] 33#33: exit
2022/07/13 05:50:56 [notice] 32#32: exiting
2022/07/13 05:50:56 [notice] 31#31: exiting
2022/07/13 05:50:56 [notice] 30#30: exit
2022/07/13 05:50:56 [notice] 32#32: exit
2022/07/13 05:50:56 [notice] 31#31: exit
2022/07/13 05:50:56 [notice] 1#1: signal 17 (SIGCHLD) received from 30
2022/07/13 05:50:56 [notice] 1#1: worker process 30 exited with code 0
2022/07/13 05:50:56 [notice] 1#1: worker process 32 exited with code 0
2022/07/13 05:50:56 [notice] 1#1: signal 29 (SIGIO) received
2022/07/13 05:50:56 [notice] 1#1: signal 17 (SIGCHLD) received from 32
2022/07/13 05:50:56 [notice] 1#1: worker process 33 exited with code 0
2022/07/13 05:50:56 [notice] 1#1: signal 29 (SIGIO) received
2022/07/13 05:50:56 [notice] 1#1: signal 17 (SIGCHLD) received from 33
2022/07/13 05:50:56 [notice] 1#1: worker process 31 exited with code 0
2022/07/13 05:50:56 [notice] 1#1: exit
2022/07/13 05:51:24 [notice] 1#1: using the "epoll" event method
2022/07/13 05:51:24 [notice] 1#1: nginx/1.23.0
2022/07/13 05:51:24 [notice] 1#1: built by gcc 11.2.1 20220219 (Alpine 11.2.1_git20220219) 
2022/07/13 05:51:24 [notice] 1#1: OS: Linux 5.10.104-linuxkit
2022/07/13 05:51:24 [notice] 1#1: getrlimit(RLIMIT_NOFILE): 1048576:1048576
2022/07/13 05:51:24 [notice] 1#1: start worker processes
2022/07/13 05:51:24 [notice] 1#1: start worker process 31
2022/07/13 05:51:24 [notice] 1#1: start worker process 32
2022/07/13 05:51:24 [notice] 1#1: start worker process 33
2022/07/13 05:51:24 [notice] 1#1: start worker process 34
2022/07/13 05:52:19 [notice] 1#1: signal 3 (SIGQUIT) received, shutting down
2022/07/13 05:52:19 [notice] 31#31: gracefully shutting down
2022/07/13 05:52:19 [notice] 34#34: gracefully shutting down
2022/07/13 05:52:19 [notice] 34#34: exiting
2022/07/13 05:52:19 [notice] 32#32: gracefully shutting down
2022/07/13 05:52:19 [notice] 33#33: gracefully shutting down
2022/07/13 05:52:19 [notice] 31#31: exiting
2022/07/13 05:52:19 [notice] 34#34: exit
2022/07/13 05:52:19 [notice] 32#32: exiting
2022/07/13 05:52:19 [notice] 33#33: exiting
2022/07/13 05:52:19 [notice] 31#31: exit
2022/07/13 05:52:19 [notice] 32#32: exit
2022/07/13 05:52:19 [notice] 33#33: exit
2022/07/13 05:52:19 [notice] 1#1: signal 17 (SIGCHLD) received from 31
2022/07/13 05:52:19 [notice] 1#1: worker process 31 exited with code 0
2022/07/13 05:52:19 [notice] 1#1: signal 29 (SIGIO) received
2022/07/13 05:52:19 [notice] 1#1: signal 17 (SIGCHLD) received from 33
2022/07/13 05:52:19 [notice] 1#1: worker process 33 exited with code 0
2022/07/13 05:52:19 [notice] 1#1: worker process 34 exited with code 0
2022/07/13 05:52:19 [notice] 1#1: signal 29 (SIGIO) received
2022/07/13 05:52:19 [notice] 1#1: signal 17 (SIGCHLD) received from 32
2022/07/13 05:52:19 [notice] 1#1: worker process 32 exited with code 0
2022/07/13 05:52:19 [notice] 1#1: exit
2022/07/13 05:53:20 [notice] 1#1: using the "epoll" event method
2022/07/13 05:53:20 [notice] 1#1: nginx/1.23.0
2022/07/13 05:53:20 [notice] 1#1: built by gcc 11.2.1 20220219 (Alpine 11.2.1_git20220219) 
2022/07/13 05:53:20 [notice] 1#1: OS: Linux 5.10.104-linuxkit
2022/07/13 05:53:20 [notice] 1#1: getrlimit(RLIMIT_NOFILE): 1048576:1048576
2022/07/13 05:53:20 [notice] 1#1: start worker processes
2022/07/13 05:53:20 [notice] 1#1: start worker process 31
2022/07/13 05:53:20 [notice] 1#1: start worker process 32
2022/07/13 05:53:20 [notice] 1#1: start worker process 33
2022/07/13 05:53:20 [notice] 1#1: start worker process 34
2022/07/13 06:04:10 [notice] 1#1: signal 3 (SIGQUIT) received, shutting down
2022/07/13 06:04:10 [notice] 31#31: gracefully shutting down
2022/07/13 06:04:10 [notice] 32#32: gracefully shutting down
2022/07/13 06:04:10 [notice] 34#34: gracefully shutting down
2022/07/13 06:04:10 [notice] 33#33: gracefully shutting down
2022/07/13 06:04:10 [notice] 31#31: exiting
2022/07/13 06:04:10 [notice] 32#32: exiting
2022/07/13 06:04:10 [notice] 32#32: exit
2022/07/13 06:04:10 [notice] 34#34: exiting
2022/07/13 06:04:10 [notice] 33#33: exiting
2022/07/13 06:04:10 [notice] 31#31: exit
2022/07/13 06:04:10 [notice] 34#34: exit
2022/07/13 06:04:10 [notice] 33#33: exit
2022/07/13 06:04:10 [notice] 1#1: signal 17 (SIGCHLD) received from 34
2022/07/13 06:04:10 [notice] 1#1: worker process 31 exited with code 0
2022/07/13 06:04:10 [notice] 1#1: worker process 34 exited with code 0
2022/07/13 06:04:10 [notice] 1#1: signal 29 (SIGIO) received
2022/07/13 06:04:10 [notice] 1#1: signal 17 (SIGCHLD) received from 32
2022/07/13 06:04:10 [notice] 1#1: worker process 32 exited with code 0
2022/07/13 06:04:10 [notice] 1#1: worker process 33 exited with code 0
2022/07/13 06:04:10 [notice] 1#1: exit
2022/07/13 06:04:34 [notice] 1#1: using the "epoll" event method
2022/07/13 06:04:34 [notice] 1#1: nginx/1.23.0
2022/07/13 06:04:34 [notice] 1#1: built by gcc 11.2.1 20220219 (Alpine 11.2.1_git20220219) 
2022/07/13 06:04:34 [notice] 1#1: OS: Linux 5.10.104-linuxkit
2022/07/13 06:04:34 [notice] 1#1: getrlimit(RLIMIT_NOFILE): 1048576:1048576
2022/07/13 06:04:34 [notice] 1#1: start worker processes
2022/07/13 06:04:34 [notice] 1#1: start worker process 31
2022/07/13 06:04:34 [notice] 1#1: start worker process 32
2022/07/13 06:04:34 [notice] 1#1: start worker process 33
2022/07/13 06:04:34 [notice] 1#1: start worker process 34
2022/07/13 06:19:01 [notice] 1#1: signal 3 (SIGQUIT) received, shutting down
2022/07/13 06:19:01 [notice] 33#33: gracefully shutting down
2022/07/13 06:19:01 [notice] 32#32: gracefully shutting down
2022/07/13 06:19:01 [notice] 32#32: exiting
2022/07/13 06:19:01 [notice] 31#31: gracefully shutting down
2022/07/13 06:19:01 [notice] 31#31: exiting
2022/07/13 06:19:01 [notice] 34#34: gracefully shutting down
2022/07/13 06:19:01 [notice] 33#33: exiting
2022/07/13 06:19:01 [notice] 33#33: exit
2022/07/13 06:19:01 [notice] 32#32: exit
2022/07/13 06:19:01 [notice] 31#31: exit
2022/07/13 06:19:01 [notice] 34#34: exiting
2022/07/13 06:19:01 [notice] 34#34: exit
2022/07/13 06:19:01 [notice] 1#1: signal 17 (SIGCHLD) received from 33
2022/07/13 06:19:01 [notice] 1#1: worker process 32 exited with code 0
2022/07/13 06:19:01 [notice] 1#1: worker process 33 exited with code 0
2022/07/13 06:19:01 [notice] 1#1: signal 29 (SIGIO) received
2022/07/13 06:19:01 [notice] 1#1: signal 17 (SIGCHLD) received from 34
2022/07/13 06:19:01 [notice] 1#1: worker process 34 exited with code 0
2022/07/13 06:19:01 [notice] 1#1: signal 29 (SIGIO) received
2022/07/13 06:19:01 [notice] 1#1: signal 17 (SIGCHLD) received from 31
2022/07/13 06:19:01 [notice] 1#1: worker process 31 exited with code 0
2022/07/13 06:19:01 [notice] 1#1: exit
2022/07/13 06:19:17 [notice] 1#1: using the "epoll" event method
2022/07/13 06:19:17 [notice] 1#1: nginx/1.23.0
2022/07/13 06:19:17 [notice] 1#1: built by gcc 11.2.1 20220219 (Alpine 11.2.1_git20220219) 
2022/07/13 06:19:17 [notice] 1#1: OS: Linux 5.10.104-linuxkit
2022/07/13 06:19:17 [notice] 1#1: getrlimit(RLIMIT_NOFILE): 1048576:1048576
2022/07/13 06:19:17 [notice] 1#1: start worker processes
2022/07/13 06:19:17 [notice] 1#1: start worker process 31
2022/07/13 06:19:17 [notice] 1#1: start worker process 32
2022/07/13 06:19:17 [notice] 1#1: start worker process 33
2022/07/13 06:19:17 [notice] 1#1: start worker process 34
2022/07/13 06:20:51 [notice] 1#1: signal 3 (SIGQUIT) received, shutting down
2022/07/13 06:20:51 [notice] 31#31: gracefully shutting down
2022/07/13 06:20:51 [notice] 31#31: exiting
2022/07/13 06:20:51 [notice] 32#32: gracefully shutting down
2022/07/13 06:20:51 [notice] 32#32: exiting
2022/07/13 06:20:51 [notice] 33#33: gracefully shutting down
2022/07/13 06:20:51 [notice] 34#34: gracefully shutting down
2022/07/13 06:20:51 [notice] 31#31: exit
2022/07/13 06:20:51 [notice] 32#32: exit
2022/07/13 06:20:51 [notice] 33#33: exiting
2022/07/13 06:20:51 [notice] 33#33: exit
2022/07/13 06:20:51 [notice] 34#34: exiting
2022/07/13 06:20:51 [notice] 34#34: exit
2022/07/13 06:20:51 [notice] 1#1: signal 17 (SIGCHLD) received from 31
2022/07/13 06:20:51 [notice] 1#1: worker process 31 exited with code 0
2022/07/13 06:20:51 [notice] 1#1: worker process 32 exited with code 0
2022/07/13 06:20:51 [notice] 1#1: signal 29 (SIGIO) received
2022/07/13 06:20:51 [notice] 1#1: signal 17 (SIGCHLD) received from 32
2022/07/13 06:20:51 [notice] 1#1: signal 17 (SIGCHLD) received from 33
2022/07/13 06:20:51 [notice] 1#1: worker process 33 exited with code 0
2022/07/13 06:20:51 [notice] 1#1: worker process 34 exited with code 0
2022/07/13 06:20:51 [notice] 1#1: exit
2022/07/13 06:27:02 [emerg] 1#1: host not found in upstream "cherry-front:80" in /etc/nginx/conf.d/default.conf:2
2022/07/13 06:27:03 [notice] 1#1: using the "epoll" event method
2022/07/13 06:27:03 [notice] 1#1: nginx/1.23.0
2022/07/13 06:27:03 [notice] 1#1: built by gcc 11.2.1 20220219 (Alpine 11.2.1_git20220219) 
2022/07/13 06:27:03 [notice] 1#1: OS: Linux 5.10.104-linuxkit
2022/07/13 06:27:03 [notice] 1#1: getrlimit(RLIMIT_NOFILE): 1048576:1048576
2022/07/13 06:27:03 [notice] 1#1: start worker processes
2022/07/13 06:27:03 [notice] 1#1: start worker process 31
2022/07/13 06:27:03 [notice] 1#1: start worker process 32
2022/07/13 06:27:03 [notice] 1#1: start worker process 33
2022/07/13 06:27:03 [notice] 1#1: start worker process 34
2022/07/13 06:28:59 [notice] 1#1: signal 3 (SIGQUIT) received, shutting down
2022/07/13 06:28:59 [notice] 31#31: gracefully shutting down
2022/07/13 06:28:59 [notice] 32#32: gracefully shutting down
2022/07/13 06:28:59 [notice] 33#33: gracefully shutting down
2022/07/13 06:28:59 [notice] 34#34: gracefully shutting down
2022/07/13 06:28:59 [notice] 31#31: exiting
2022/07/13 06:28:59 [notice] 32#32: exiting
2022/07/13 06:28:59 [notice] 33#33: exiting
2022/07/13 06:28:59 [notice] 33#33: exit
2022/07/13 06:28:59 [notice] 34#34: exiting
2022/07/13 06:28:59 [notice] 31#31: exit
2022/07/13 06:28:59 [notice] 32#32: exit
2022/07/13 06:28:59 [notice] 34#34: exit
2022/07/13 06:28:59 [notice] 1#1: signal 17 (SIGCHLD) received from 32
2022/07/13 06:28:59 [notice] 1#1: worker process 32 exited with code 0
2022/07/13 06:28:59 [notice] 1#1: signal 29 (SIGIO) received
2022/07/13 06:28:59 [notice] 1#1: signal 17 (SIGCHLD) received from 33
2022/07/13 06:28:59 [notice] 1#1: worker process 33 exited with code 0
2022/07/13 06:28:59 [notice] 1#1: signal 29 (SIGIO) received
2022/07/13 06:28:59 [notice] 1#1: signal 17 (SIGCHLD) received from 31
2022/07/13 06:28:59 [notice] 1#1: worker process 31 exited with code 0
2022/07/13 06:28:59 [notice] 1#1: worker process 34 exited with code 0
2022/07/13 06:28:59 [notice] 1#1: exit
2022/07/13 06:29:12 [emerg] 1#1: host not found in upstream "cherry-front:80" in /etc/nginx/conf.d/default.conf:2
2022/07/13 06:29:13 [notice] 1#1: using the "epoll" event method
2022/07/13 06:29:13 [notice] 1#1: nginx/1.23.0
2022/07/13 06:29:13 [notice] 1#1: built by gcc 11.2.1 20220219 (Alpine 11.2.1_git20220219) 
2022/07/13 06:29:13 [notice] 1#1: OS: Linux 5.10.104-linuxkit
2022/07/13 06:29:13 [notice] 1#1: getrlimit(RLIMIT_NOFILE): 1048576:1048576
2022/07/13 06:29:13 [notice] 1#1: start worker processes
2022/07/13 06:29:13 [notice] 1#1: start worker process 31
2022/07/13 06:29:13 [notice] 1#1: start worker process 32
2022/07/13 06:29:13 [notice] 1#1: start worker process 33
2022/07/13 06:29:13 [notice] 1#1: start worker process 34
2022/07/13 06:29:45 [notice] 1#1: signal 3 (SIGQUIT) received, shutting down
2022/07/13 06:29:45 [notice] 32#32: gracefully shutting down
2022/07/13 06:29:45 [notice] 32#32: exiting
2022/07/13 06:29:45 [notice] 31#31: gracefully shutting down
2022/07/13 06:29:45 [notice] 31#31: exiting
2022/07/13 06:29:45 [notice] 33#33: gracefully shutting down
2022/07/13 06:29:45 [notice] 33#33: exiting
2022/07/13 06:29:45 [notice] 34#34: gracefully shutting down
2022/07/13 06:29:45 [notice] 32#32: exit
2022/07/13 06:29:45 [notice] 31#31: exit
2022/07/13 06:29:45 [notice] 33#33: exit
2022/07/13 06:29:45 [notice] 34#34: exiting
2022/07/13 06:29:45 [notice] 34#34: exit
2022/07/13 06:29:45 [notice] 1#1: signal 17 (SIGCHLD) received from 32
2022/07/13 06:29:45 [notice] 1#1: worker process 32 exited with code 0
2022/07/13 06:29:45 [notice] 1#1: signal 29 (SIGIO) received
2022/07/13 06:29:45 [notice] 1#1: signal 17 (SIGCHLD) received from 33
2022/07/13 06:29:45 [notice] 1#1: worker process 33 exited with code 0
2022/07/13 06:29:45 [notice] 1#1: signal 29 (SIGIO) received
2022/07/13 06:29:45 [notice] 1#1: signal 17 (SIGCHLD) received from 31
2022/07/13 06:29:45 [notice] 1#1: worker process 31 exited with code 0
2022/07/13 06:29:45 [notice] 1#1: worker process 34 exited with code 0
2022/07/13 06:29:45 [notice] 1#1: exit
2022/07/13 06:29:52 [notice] 1#1: using the "epoll" event method
2022/07/13 06:29:52 [notice] 1#1: nginx/1.23.0
2022/07/13 06:29:52 [notice] 1#1: built by gcc 11.2.1 20220219 (Alpine 11.2.1_git20220219) 
2022/07/13 06:29:52 [notice] 1#1: OS: Linux 5.10.104-linuxkit
2022/07/13 06:29:52 [notice] 1#1: getrlimit(RLIMIT_NOFILE): 1048576:1048576
2022/07/13 06:29:52 [notice] 1#1: start worker processes
2022/07/13 06:29:52 [notice] 1#1: start worker process 31
2022/07/13 06:29:52 [notice] 1#1: start worker process 32
2022/07/13 06:29:52 [notice] 1#1: start worker process 33
2022/07/13 06:29:52 [notice] 1#1: start worker process 34
